2022/03/30 15:28:33 [info] [smc-server.log] globalConfig: {"global":{"masterProcessName":"smc-server-master","enableNotice":true,"dingDingToken":"5a877be5025c991b81bbbdb6134d404aee8bf2ee50a4c96e2179f0829b40b1b8","queueCfgCallback":["\\Pupilcp\\Service\\Test","loadQueueConfig"],"logPath":"D:\\www\\jayden-framework\/logs\/smc\/","childProcessMaxExecTime":86400,"command":"start","daemon":true,"uniqueServiceId":"624406a175d85980164"},"redis":{"host":"192.168.1.5","port":"6379","database":1,"timeout":5},"amqp":{"connection":{"host":"192.168.109.130","user":"phpadmin","pass":"phpadmin","port":"5672","vhost":"php","exchange":"php.amqp.ext","timeout":3},"queues":{"DIS_SYNC_PACKAGE_SIP":{"queueName":"DIS_SYNC_PACKAGE_SIP","routeKey":"DIS_SYNC_PACKAGE_SIP_RK","vhost":"php","prefetchCount":5,"minConsumerNum":3,"maxConsumerNum":10,"warningNum":30,"callback":["hello","t"]}}}}
2022/03/30 15:28:33 [error] [smc-server.log] 璇锋坊connection缃#0 D:\www\jayden-framework\third_party\swoole-multi-consumer\src\App.php(108): Pupilcp\App->verifyQueueConfig(NULL)
#1 D:\www\jayden-framework\third_party\swoole-multi-consumer\src\App.php(34): Pupilcp\App->init(Array)
#2 D:\www\jayden-framework\command\SmcController.php(24): Pupilcp\App->__construct(Array)
#3 [internal function]: app\command\SmcController->start(Array)
#4 D:\www\jayden-framework\core\lib\App.php(126): call_user_func_array(Array, Array)
#5 D:\www\jayden-framework\index.php(20): app\core\lib\App->run()
#6 {main}
2022/03/30 15:29:47 [info] [smc-server.log] globalConfig: {"global":{"masterProcessName":"smc-server-master","enableNotice":true,"dingDingToken":"5a877be5025c991b81bbbdb6134d404aee8bf2ee50a4c96e2179f0829b40b1b8","queueCfgCallback":["\\Pupilcp\\Service\\Test","loadQueueConfig"],"logPath":"D:\\www\\jayden-framework\/logs\/smc\/","childProcessMaxExecTime":86400,"command":"start","daemon":true,"uniqueServiceId":"624406d9bdd10596849"},"redis":{"host":"192.168.1.5","port":"6379","database":1,"timeout":5},"amqp":{"connection":{"host":"192.168.109.130","user":"phpadmin","pass":"phpadmin","port":"5672","vhost":"php","exchange":"php.amqp.ext","timeout":3},"queues":{"DIS_SYNC_PACKAGE_SIP":{"queueName":"DIS_SYNC_PACKAGE_SIP","routeKey":"DIS_SYNC_PACKAGE_SIP_RK","vhost":"php","prefetchCount":5,"minConsumerNum":3,"maxConsumerNum":10,"warningNum":30,"callback":["hello","t"]}}}}
2022/03/30 15:56:19 [info] [smc-server.log] globalConfig: {"global":{"masterProcessName":"smc-server-master","enableNotice":true,"dingDingToken":"5a877be5025c991b81bbbdb6134d404aee8bf2ee50a4c96e2179f0829b40b1b8","queueCfgCallback":[],"logPath":"D:\\www\\jayden-framework\/logs\/smc\/","childProcessMaxExecTime":86400,"command":"start","daemon":true,"uniqueServiceId":"62440d2356f4a592393"},"redis":{"host":"192.168.1.5","port":"6379","database":1,"timeout":5}}
2022/03/30 15:56:24 [error] [smc-server.log] 由于连接方在一段时间后没有正确答复或连接的主机没有反应，连接尝试失败。
#0 D:\www\jayden-framework\third_party\swoole-multi-consumer\src\Library\RedisLib.php(35): Redis->connect('192.168.1.5', '6379', 5)
#1 D:\www\jayden-framework\third_party\swoole-multi-consumer\src\Library\RedisLib.php(60): Pupilcp\Library\RedisLib->__construct(Array)
#2 D:\www\jayden-framework\third_party\swoole-multi-consumer\src\Smc.php(31): Pupilcp\Library\RedisLib::getInstance(Array, false)
#3 D:\www\jayden-framework\third_party\swoole-multi-consumer\src\Smc.php(191): Pupilcp\Smc::getRedis()
#4 D:\www\jayden-framework\third_party\swoole-multi-consumer\src\Smc.php(60): Pupilcp\Smc::setConfigHash('{"connection":{...')
#5 D:\www\jayden-framework\third_party\swoole-multi-consumer\src\App.php(109): Pupilcp\Smc::setConfig(Array)
#6 D:\www\jayden-framework\third_party\swoole-multi-consumer\src\App.php(34): Pupilcp\App->init(Array)
#7 D:\www\jayden-framework\command\SmcController.php(25): Pupilcp\App->__construct(Array)
#8 [internal function]: app\command\SmcController->start(Array)
#9 D:\www\jayden-framework\core\lib\App.php(126): call_user_func_array(Array, Array)
#10 D:\www\jayden-framework\index.php(20): app\core\lib\App->run()
#11 {main}
2022/03/30 15:56:29 [error] [smc-server.log] 由于连接方在一段时间后没有正确答复或连接的主机没有反应，连接尝试失败。
#0 D:\www\jayden-framework\third_party\swoole-multi-consumer\src\Library\RedisLib.php(35): Redis->connect('192.168.1.5', '6379', 5)
#1 D:\www\jayden-framework\third_party\swoole-multi-consumer\src\Library\RedisLib.php(60): Pupilcp\Library\RedisLib->__construct(Array)
#2 D:\www\jayden-framework\third_party\swoole-multi-consumer\src\Smc.php(31): Pupilcp\Library\RedisLib::getInstance(Array, false)
#3 D:\www\jayden-framework\third_party\swoole-multi-consumer\src\Smc.php(191): Pupilcp\Smc::getRedis()
#4 D:\www\jayden-framework\third_party\swoole-multi-consumer\src\Smc.php(60): Pupilcp\Smc::setConfigHash('{"connection":{...')
#5 D:\www\jayden-framework\third_party\swoole-multi-consumer\src\App.php(109): Pupilcp\Smc::setConfig(Array)
#6 D:\www\jayden-framework\third_party\swoole-multi-consumer\src\App.php(34): Pupilcp\App->init(Array)
#7 D:\www\jayden-framework\command\SmcController.php(25): Pupilcp\App->__construct(Array)
#8 [internal function]: app\command\SmcController->start(Array)
#9 D:\www\jayden-framework\core\lib\App.php(126): call_user_func_array(Array, Array)
#10 D:\www\jayden-framework\index.php(20): app\core\lib\App->run()
#11 {main}
2022/03/30 15:56:34 [error] [smc-server.log] 由于连接方在一段时间后没有正确答复或连接的主机没有反应，连接尝试失败。
#0 D:\www\jayden-framework\third_party\swoole-multi-consumer\src\Library\RedisLib.php(35): Redis->connect('192.168.1.5', '6379', 5)
#1 D:\www\jayden-framework\third_party\swoole-multi-consumer\src\Library\RedisLib.php(60): Pupilcp\Library\RedisLib->__construct(Array)
#2 D:\www\jayden-framework\third_party\swoole-multi-consumer\src\Smc.php(31): Pupilcp\Library\RedisLib::getInstance(Array, false)
#3 D:\www\jayden-framework\third_party\swoole-multi-consumer\src\Smc.php(191): Pupilcp\Smc::getRedis()
#4 D:\www\jayden-framework\third_party\swoole-multi-consumer\src\Smc.php(60): Pupilcp\Smc::setConfigHash('{"connection":{...')
#5 D:\www\jayden-framework\third_party\swoole-multi-consumer\src\App.php(109): Pupilcp\Smc::setConfig(Array)
#6 D:\www\jayden-framework\third_party\swoole-multi-consumer\src\App.php(34): Pupilcp\App->init(Array)
#7 D:\www\jayden-framework\command\SmcController.php(25): Pupilcp\App->__construct(Array)
#8 [internal function]: app\command\SmcController->start(Array)
#9 D:\www\jayden-framework\core\lib\App.php(126): call_user_func_array(Array, Array)
#10 D:\www\jayden-framework\index.php(20): app\core\lib\App->run()
#11 {main}
2022/03/30 15:56:34 [error] [smc-server.log] Call to a member function set() on boolean#0 D:\www\jayden-framework\third_party\swoole-multi-consumer\src\Smc.php(60): Pupilcp\Smc::setConfigHash('{"connection":{...')
#1 D:\www\jayden-framework\third_party\swoole-multi-consumer\src\App.php(109): Pupilcp\Smc::setConfig(Array)
#2 D:\www\jayden-framework\third_party\swoole-multi-consumer\src\App.php(34): Pupilcp\App->init(Array)
#3 D:\www\jayden-framework\command\SmcController.php(25): Pupilcp\App->__construct(Array)
#4 [internal function]: app\command\SmcController->start(Array)
#5 D:\www\jayden-framework\core\lib\App.php(126): call_user_func_array(Array, Array)
#6 D:\www\jayden-framework\index.php(20): app\core\lib\App->run()
#7 {main}
2022/03/30 15:56:59 [info] [smc-server.log] globalConfig: {"global":{"masterProcessName":"smc-server-master","enableNotice":true,"dingDingToken":"5a877be5025c991b81bbbdb6134d404aee8bf2ee50a4c96e2179f0829b40b1b8","queueCfgCallback":[],"logPath":"D:\\www\\jayden-framework\/logs\/smc\/","childProcessMaxExecTime":86400,"command":"start","daemon":true,"uniqueServiceId":"62440d4b45552421157"},"redis":{"host":"192.168.1.5","port":"6379","database":1,"timeout":5}}
2022/03/30 15:57:04 [error] [smc-server.log] 由于连接方在一段时间后没有正确答复或连接的主机没有反应，连接尝试失败。
#0 D:\www\jayden-framework\third_party\swoole-multi-consumer\src\Library\RedisLib.php(35): Redis->connect('192.168.1.5', '6379', 5)
#1 D:\www\jayden-framework\third_party\swoole-multi-consumer\src\Library\RedisLib.php(60): Pupilcp\Library\RedisLib->__construct(Array)
#2 D:\www\jayden-framework\third_party\swoole-multi-consumer\src\Smc.php(31): Pupilcp\Library\RedisLib::getInstance(Array, false)
#3 D:\www\jayden-framework\third_party\swoole-multi-consumer\src\Smc.php(191): Pupilcp\Smc::getRedis()
#4 D:\www\jayden-framework\third_party\swoole-multi-consumer\src\Smc.php(60): Pupilcp\Smc::setConfigHash('{"connection":{...')
#5 D:\www\jayden-framework\third_party\swoole-multi-consumer\src\App.php(109): Pupilcp\Smc::setConfig(Array)
#6 D:\www\jayden-framework\third_party\swoole-multi-consumer\src\App.php(34): Pupilcp\App->init(Array)
#7 D:\www\jayden-framework\command\SmcController.php(25): Pupilcp\App->__construct(Array)
#8 [internal function]: app\command\SmcController->start(Array)
#9 D:\www\jayden-framework\core\lib\App.php(126): call_user_func_array(Array, Array)
#10 D:\www\jayden-framework\index.php(20): app\core\lib\App->run()
#11 {main}
2022/03/30 15:57:09 [error] [smc-server.log] 由于连接方在一段时间后没有正确答复或连接的主机没有反应，连接尝试失败。
#0 D:\www\jayden-framework\third_party\swoole-multi-consumer\src\Library\RedisLib.php(35): Redis->connect('192.168.1.5', '6379', 5)
#1 D:\www\jayden-framework\third_party\swoole-multi-consumer\src\Library\RedisLib.php(60): Pupilcp\Library\RedisLib->__construct(Array)
#2 D:\www\jayden-framework\third_party\swoole-multi-consumer\src\Smc.php(31): Pupilcp\Library\RedisLib::getInstance(Array, false)
#3 D:\www\jayden-framework\third_party\swoole-multi-consumer\src\Smc.php(191): Pupilcp\Smc::getRedis()
#4 D:\www\jayden-framework\third_party\swoole-multi-consumer\src\Smc.php(60): Pupilcp\Smc::setConfigHash('{"connection":{...')
#5 D:\www\jayden-framework\third_party\swoole-multi-consumer\src\App.php(109): Pupilcp\Smc::setConfig(Array)
#6 D:\www\jayden-framework\third_party\swoole-multi-consumer\src\App.php(34): Pupilcp\App->init(Array)
#7 D:\www\jayden-framework\command\SmcController.php(25): Pupilcp\App->__construct(Array)
#8 [internal function]: app\command\SmcController->start(Array)
#9 D:\www\jayden-framework\core\lib\App.php(126): call_user_func_array(Array, Array)
#10 D:\www\jayden-framework\index.php(20): app\core\lib\App->run()
#11 {main}
2022/03/30 15:57:14 [error] [smc-server.log] 由于连接方在一段时间后没有正确答复或连接的主机没有反应，连接尝试失败。
#0 D:\www\jayden-framework\third_party\swoole-multi-consumer\src\Library\RedisLib.php(35): Redis->connect('192.168.1.5', '6379', 5)
#1 D:\www\jayden-framework\third_party\swoole-multi-consumer\src\Library\RedisLib.php(60): Pupilcp\Library\RedisLib->__construct(Array)
#2 D:\www\jayden-framework\third_party\swoole-multi-consumer\src\Smc.php(31): Pupilcp\Library\RedisLib::getInstance(Array, false)
#3 D:\www\jayden-framework\third_party\swoole-multi-consumer\src\Smc.php(191): Pupilcp\Smc::getRedis()
#4 D:\www\jayden-framework\third_party\swoole-multi-consumer\src\Smc.php(60): Pupilcp\Smc::setConfigHash('{"connection":{...')
#5 D:\www\jayden-framework\third_party\swoole-multi-consumer\src\App.php(109): Pupilcp\Smc::setConfig(Array)
#6 D:\www\jayden-framework\third_party\swoole-multi-consumer\src\App.php(34): Pupilcp\App->init(Array)
#7 D:\www\jayden-framework\command\SmcController.php(25): Pupilcp\App->__construct(Array)
#8 [internal function]: app\command\SmcController->start(Array)
#9 D:\www\jayden-framework\core\lib\App.php(126): call_user_func_array(Array, Array)
#10 D:\www\jayden-framework\index.php(20): app\core\lib\App->run()
#11 {main}
2022/03/30 15:57:14 [error] [smc-server.log] Call to a member function set() on boolean#0 D:\www\jayden-framework\third_party\swoole-multi-consumer\src\Smc.php(60): Pupilcp\Smc::setConfigHash('{"connection":{...')
#1 D:\www\jayden-framework\third_party\swoole-multi-consumer\src\App.php(109): Pupilcp\Smc::setConfig(Array)
#2 D:\www\jayden-framework\third_party\swoole-multi-consumer\src\App.php(34): Pupilcp\App->init(Array)
#3 D:\www\jayden-framework\command\SmcController.php(25): Pupilcp\App->__construct(Array)
#4 [internal function]: app\command\SmcController->start(Array)
#5 D:\www\jayden-framework\core\lib\App.php(126): call_user_func_array(Array, Array)
#6 D:\www\jayden-framework\index.php(20): app\core\lib\App->run()
#7 {main}
2022/03/30 15:57:54 [info] [smc-server.log] globalConfig: {"global":{"masterProcessName":"smc-server-master","enableNotice":true,"dingDingToken":"5a877be5025c991b81bbbdb6134d404aee8bf2ee50a4c96e2179f0829b40b1b8","queueCfgCallback":[],"logPath":"D:\\www\\jayden-framework\/logs\/smc\/","childProcessMaxExecTime":86400,"command":"start","daemon":true,"uniqueServiceId":"62440d7600e48491040"},"redis":{"host":"192.168.1.5","port":"6379","database":1,"timeout":5}}
2022/03/30 15:58:05 [error] [smc-server.log] 由于连接方在一段时间后没有正确答复或连接的主机没有反应，连接尝试失败。
#0 D:\www\jayden-framework\third_party\swoole-multi-consumer\src\Library\RedisLib.php(35): Redis->connect('192.168.1.5', '6379', 5)
#1 D:\www\jayden-framework\third_party\swoole-multi-consumer\src\Library\RedisLib.php(60): Pupilcp\Library\RedisLib->__construct(Array)
#2 D:\www\jayden-framework\third_party\swoole-multi-consumer\src\Smc.php(31): Pupilcp\Library\RedisLib::getInstance(Array, false)
#3 D:\www\jayden-framework\third_party\swoole-multi-consumer\src\Smc.php(191): Pupilcp\Smc::getRedis()
#4 D:\www\jayden-framework\third_party\swoole-multi-consumer\src\Smc.php(60): Pupilcp\Smc::setConfigHash('{"connection":{...')
#5 D:\www\jayden-framework\third_party\swoole-multi-consumer\src\App.php(109): Pupilcp\Smc::setConfig(Array)
#6 D:\www\jayden-framework\third_party\swoole-multi-consumer\src\App.php(34): Pupilcp\App->init(Array)
#7 D:\www\jayden-framework\command\SmcController.php(25): Pupilcp\App->__construct(Array)
#8 [internal function]: app\command\SmcController->start(Array)
#9 D:\www\jayden-framework\core\lib\App.php(126): call_user_func_array(Array, Array)
#10 D:\www\jayden-framework\index.php(20): app\core\lib\App->run()
#11 {main}
2022/03/30 15:58:10 [error] [smc-server.log] 由于连接方在一段时间后没有正确答复或连接的主机没有反应，连接尝试失败。
#0 D:\www\jayden-framework\third_party\swoole-multi-consumer\src\Library\RedisLib.php(35): Redis->connect('192.168.1.5', '6379', 5)
#1 D:\www\jayden-framework\third_party\swoole-multi-consumer\src\Library\RedisLib.php(60): Pupilcp\Library\RedisLib->__construct(Array)
#2 D:\www\jayden-framework\third_party\swoole-multi-consumer\src\Smc.php(31): Pupilcp\Library\RedisLib::getInstance(Array, false)
#3 D:\www\jayden-framework\third_party\swoole-multi-consumer\src\Smc.php(191): Pupilcp\Smc::getRedis()
#4 D:\www\jayden-framework\third_party\swoole-multi-consumer\src\Smc.php(60): Pupilcp\Smc::setConfigHash('{"connection":{...')
#5 D:\www\jayden-framework\third_party\swoole-multi-consumer\src\App.php(109): Pupilcp\Smc::setConfig(Array)
#6 D:\www\jayden-framework\third_party\swoole-multi-consumer\src\App.php(34): Pupilcp\App->init(Array)
#7 D:\www\jayden-framework\command\SmcController.php(25): Pupilcp\App->__construct(Array)
#8 [internal function]: app\command\SmcController->start(Array)
#9 D:\www\jayden-framework\core\lib\App.php(126): call_user_func_array(Array, Array)
#10 D:\www\jayden-framework\index.php(20): app\core\lib\App->run()
#11 {main}
2022/03/30 15:58:15 [error] [smc-server.log] 由于连接方在一段时间后没有正确答复或连接的主机没有反应，连接尝试失败。
#0 D:\www\jayden-framework\third_party\swoole-multi-consumer\src\Library\RedisLib.php(35): Redis->connect('192.168.1.5', '6379', 5)
#1 D:\www\jayden-framework\third_party\swoole-multi-consumer\src\Library\RedisLib.php(60): Pupilcp\Library\RedisLib->__construct(Array)
#2 D:\www\jayden-framework\third_party\swoole-multi-consumer\src\Smc.php(31): Pupilcp\Library\RedisLib::getInstance(Array, false)
#3 D:\www\jayden-framework\third_party\swoole-multi-consumer\src\Smc.php(191): Pupilcp\Smc::getRedis()
#4 D:\www\jayden-framework\third_party\swoole-multi-consumer\src\Smc.php(60): Pupilcp\Smc::setConfigHash('{"connection":{...')
#5 D:\www\jayden-framework\third_party\swoole-multi-consumer\src\App.php(109): Pupilcp\Smc::setConfig(Array)
#6 D:\www\jayden-framework\third_party\swoole-multi-consumer\src\App.php(34): Pupilcp\App->init(Array)
#7 D:\www\jayden-framework\command\SmcController.php(25): Pupilcp\App->__construct(Array)
#8 [internal function]: app\command\SmcController->start(Array)
#9 D:\www\jayden-framework\core\lib\App.php(126): call_user_func_array(Array, Array)
#10 D:\www\jayden-framework\index.php(20): app\core\lib\App->run()
#11 {main}
2022/03/30 15:59:24 [info] [smc-server.log] globalConfig: {"global":{"masterProcessName":"smc-server-master","enableNotice":true,"dingDingToken":"5a877be5025c991b81bbbdb6134d404aee8bf2ee50a4c96e2179f0829b40b1b8","queueCfgCallback":[],"logPath":"D:\\www\\jayden-framework\/logs\/smc\/","childProcessMaxExecTime":86400,"command":"start","daemon":true,"uniqueServiceId":"62440dd51315b370033"},"redis":{"host":"127.0.0.1","port":"6379","database":1,"timeout":5,"password":"666666"}}
